<?xml version="1.0" encoding="UTF-8"?>
<testng-results ignored="0" total="1" passed="1" failed="0" skipped="0">
  <reporter-output>
  </reporter-output>
  <suite started-at="2023-09-16T20:43:13 IST" name="Default suite" finished-at="2023-09-16T20:43:27 IST" duration-ms="13999">
    <groups>
    </groups>
    <test started-at="2023-09-16T20:43:13 IST" name="Default test" finished-at="2023-09-16T20:43:27 IST" duration-ms="13999">
      <class name="com.assignment_NewsLetter.NameFieldVlidation">
        <test-method is-config="true" signature="startReport()[pri:0, instance:com.assignment_NewsLetter.NameFieldVlidation@639c2c1d]" started-at="2023-09-16T20:43:13 IST" name="startReport" finished-at="2023-09-16T20:43:14 IST" duration-ms="482" status="PASS">
          <reporter-output>
          </reporter-output>
        </test-method> <!-- startReport -->
        <test-method signature="verifyNameWithNumber()[pri:0, instance:com.assignment_NewsLetter.NameFieldVlidation@639c2c1d]" started-at="2023-09-16T20:43:14 IST" name="verifyNameWithNumber" finished-at="2023-09-16T20:43:26 IST" duration-ms="12300" status="PASS">
          <reporter-output>
          </reporter-output>
        </test-method> <!-- verifyNameWithNumber -->
        <test-method is-config="true" signature="getTestResult(org.testng.ITestResult)[pri:0, instance:com.assignment_NewsLetter.NameFieldVlidation@639c2c1d]" started-at="2023-09-16T20:43:26 IST" name="getTestResult" finished-at="2023-09-16T20:43:26 IST" duration-ms="16" status="PASS">
          <params>
            <param index="0">
              <value>
                <![CDATA[[TestResult name=verifyNameWithNumber status=SUCCESS method=NameFieldVlidation.verifyNameWithNumber()[pri:0, instance:com.assignment_NewsLetter.NameFieldVlidation@639c2c1d] output={null}]]]>
              </value>
            </param>
          </params>
          <reporter-output>
          </reporter-output>
        </test-method> <!-- getTestResult -->
        <test-method is-config="true" signature="tearDown()[pri:0, instance:com.assignment_NewsLetter.NameFieldVlidation@639c2c1d]" started-at="2023-09-16T20:43:26 IST" name="tearDown" finished-at="2023-09-16T20:43:26 IST" duration-ms="522" status="PASS">
          <reporter-output>
          </reporter-output>
        </test-method> <!-- tearDown -->
        <test-method is-config="true" signature="flushReport()[pri:0, instance:com.assignment_NewsLetter.NameFieldVlidation@639c2c1d]" started-at="2023-09-16T20:43:26 IST" name="flushReport" finished-at="2023-09-16T20:43:27 IST" duration-ms="603" status="PASS">
          <reporter-output>
          </reporter-output>
        </test-method> <!-- flushReport -->
      </class> <!-- com.assignment_NewsLetter.NameFieldVlidation -->
    </test> <!-- Default test -->
  </suite> <!-- Default suite -->
</testng-results>
